#
# A fatal error has been detected by the Java Runtime Environment:
#
#  SIGSEGV (0xb) at pc=0x0000000115bbd8ea, pid=24502, tid=0x000000000000632b
#
# JRE version: OpenJDK Runtime Environment (8.0_152-b01) (build 1.8.0_152-release-1024-b01)
# Java VM: OpenJDK 64-Bit Server VM (25.152-b01 mixed mode bsd-amd64 compressed oops)
# Problematic frame:
# J 36057 C1 com.google.common.io.CharSource.read()Ljava/lang/String; (43 bytes) @ 0x0000000115bbd8ea [0x0000000115bbd100+0x7ea]
#
# Failed to write core dump. Core dumps have been disabled. To enable core dumping, try "ulimit -c unlimited" before starting Java again
#
# If you would like to submit a bug report, please visit:
#   http://bugreport.java.com/bugreport/crash.jsp
#

---------------  T H R E A D  ---------------

Current thread (0x00007f9c4ee91800):  JavaThread "Worker Daemon Execution" [_thread_in_Java, id=25387, stack(0x0000700003938000,0x0000700003a38000)]

siginfo: si_signo: 11 (SIGSEGV), si_code: 1 (SEGV_MAPERR), si_addr: 0x0000000000000000

Registers:
RAX=0x0000000000000000, RBX=0x0000000000000010, RCX=0x0000000000000000, RDX=0x00000007c00001f8
RSP=0x0000700003a37000, RBP=0x0000700003a37150, RSI=0x0000000000000030, RDI=0x0000000000000010
R8 =0x00000007ab8f3ef0, R9 =0x00000007ab8f61d8, R10=0x0000000003d5c79f, R11=0x0000000104128000
R12=0x0000000000000000, R13=0x00000007ab8f4198, R14=0x00000000f571ccf3, R15=0x00007f9c4ee91800
RIP=0x0000000115bbd8ea, EFLAGS=0x0000000000010206, ERR=0x0000000000000006
  TRAPNO=0x000000000000000e

Top of Stack: (sp=0x0000700003a37000)
0x0000700003a37000:   00000007ab8f3558 00000001ffffffff
0x0000700003a37010:   00000007ab8f3e50 0000000110932ffd
0x0000700003a37020:   0000700003a37080 0000000110932ffd
0x0000700003a37030:   0000000110932ffd 00000007ab8f3e50
0x0000700003a37040:   0000700003a37040 0000000121590a89
0x0000700003a37050:   0000700003a370a8 0000000121590dd8
0x0000700003a37060:   0000000000000000 0000000121590ad8
0x0000700003a37070:   0000000000000000 0000700003a37090
0x0000700003a37080:   0000700003a370f0 0000000110932d80
0x0000700003a37090:   00000007ab8f3ea8 00000007ab8f3e90
0x0000700003a370a0:   00000007ab8f3e78 00000007ab8f3ef0
0x0000700003a370b0:   0000700003a370b0 0000000120f1b83d
0x0000700003a370c0:   0000700003a37108 0000000120f22248
0x0000700003a370d0:   0000000000000000 0000000120f1b860
0x0000700003a370e0:   0000000000000000 0000700003a37100
0x0000700003a370f0:   0000700003a37150 0000000110932d80
0x0000700003a37100:   0000000110932d80 00000007ab8f3e78
0x0000700003a37110:   0000700003a37110 00000001213ef910
0x0000700003a37120:   0000700003a371a0 00000001213f2ed0
0x0000700003a37130:   0000000000000000 00000001213ef9c8
0x0000700003a37140:   0000700003a37108 0000700003a37190
0x0000700003a37150:   0000700003a371e8 0000000110932ffd
0x0000700003a37160:   0000000000000000 0000000000000000
0x0000700003a37170:   00000007ab8f3e50 000000003f800000
0x0000700003a37180:   0000000760d8ec08 00000007ab8f3838
0x0000700003a37190:   00000007ab8e64c0 00000007ab8eea70
0x0000700003a371a0:   00000007ab8f01b0 0000700003a371a8
0x0000700003a371b0:   00000001213eddfb 0000700003a37210
0x0000700003a371c0:   00000001213f3be0 0000000000000000
0x0000700003a371d0:   00000001213ede78 0000700003a37190
0x0000700003a371e0:   0000700003a37200 0000700003a37258
0x0000700003a371f0:   0000000110933042 0000000000000000 

Instructions: (pc=0x0000000115bbd8ea)
0x0000000115bbd8ca:   8d 34 5e 48 83 e6 f8 49 8b 45 60 48 8d 34 30 49
0x0000000115bbd8da:   3b 77 70 0f 87 a4 07 00 00 49 89 77 60 48 2b f0
0x0000000115bbd8ea:   48 c7 00 01 00 00 00 48 8b ca 48 c1 e9 03 89 48
0x0000000115bbd8fa:   08 89 58 0c 48 83 ee 10 0f 84 11 00 00 00 48 33 

Register to memory mapping:

RAX=0x0000000000000000 is an unknown value
RBX=0x0000000000000010 is an unknown value
RCX=0x0000000000000000 is an unknown value
RDX=0x00000007c00001f8 is pointing into metadata
RSP=0x0000700003a37000 is pointing into the stack for thread: 0x00007f9c4ee91800
RBP=0x0000700003a37150 is pointing into the stack for thread: 0x00007f9c4ee91800
RSI=0x0000000000000030 is an unknown value
RDI=0x0000000000000010 is an unknown value
R8 =0x00000007ab8f3ef0 is an oop
java.io.InputStreamReader 
 - klass: 'java/io/InputStreamReader'
R9 =0x00000007ab8f61d8 is an oop
java.lang.StringBuilder 
 - klass: 'java/lang/StringBuilder'
R10=0x0000000003d5c79f is an unknown value
R11=0x0000000104128000 is an unknown value
R12=0x0000000000000000 is an unknown value
R13=0x00000007ab8f4198 is an oop
java.nio.HeapByteBuffer 
 - klass: 'java/nio/HeapByteBuffer'
R14=0x00000000f571ccf3 is an unknown value
R15=0x00007f9c4ee91800 is a thread


Stack: [0x0000700003938000,0x0000700003a38000],  sp=0x0000700003a37000,  free space=1020k
Native frames: (J=compiled Java code, j=interpreted, Vv=VM code, C=native code)
J 36057 C1 com.google.common.io.CharSource.read()Ljava/lang/String; (43 bytes) @ 0x0000000115bbd8ea [0x0000000115bbd100+0x7ea]
j  com.android.builder.png.VectorDrawableRenderer.generateFile(Ljava/io/File;Ljava/io/File;)V+144
j  com.android.build.gradle.tasks.MergeResources$MergeResourcesVectorDrawableRenderer.generateFile(Ljava/io/File;Ljava/io/File;)V+3
j  com.android.ide.common.res2.MergedResourceWriter$FileGenerationWorkAction.run()V+33
j  com.android.build.gradle.tasks.MergeResources$FileGenerationWorkAction.run()V+4
j  org.gradle.workers.internal.DefaultWorkerServer.execute(Lorg/gradle/workers/internal/ActionExecutionSpec;)Lorg/gradle/workers/internal/DefaultWorkResult;+32
j  org.gradle.workers.internal.DefaultWorkerServer.execute(Lorg/gradle/workers/internal/WorkSpec;)Lorg/gradle/workers/internal/DefaultWorkResult;+5
j  org.gradle.workers.internal.NoIsolationWorkerFactory$1$1.call(Lorg/gradle/internal/operations/BuildOperationContext;)Lorg/gradle/workers/internal/DefaultWorkResult;+23
j  org.gradle.workers.internal.NoIsolationWorkerFactory$1$1.call(Lorg/gradle/internal/operations/BuildOperationContext;)Ljava/lang/Object;+2
j  org.gradle.internal.progress.DefaultBuildOperationExecutor$CallableBuildOperationWorker.execute(Lorg/gradle/internal/operations/CallableBuildOperation;Lorg/gradle/internal/operations/BuildOperationContext;)V+3
j  org.gradle.internal.progress.DefaultBuildOperationExecutor$CallableBuildOperationWorker.execute(Lorg/gradle/internal/operations/BuildOperation;Lorg/gradle/internal/operations/BuildOperationContext;)V+6
J 30980 C2 org.gradle.internal.progress.DefaultBuildOperationExecutor.execute(Lorg/gradle/internal/operations/BuildOperation;Lorg/gradle/internal/operations/BuildOperationWorker;Lorg/gradle/internal/progress/DefaultBuildOperationExecutor$DefaultBuildOperationState;)V (394 bytes) @ 0x0000000113e402e8 [0x0000000113e3dd20+0x25c8]
J 37154 C1 org.gradle.internal.progress.DefaultBuildOperationExecutor.call(Lorg/gradle/internal/operations/CallableBuildOperation;)Ljava/lang/Object; (44 bytes) @ 0x0000000115def61c [0x0000000115def2e0+0x33c]
j  org.gradle.workers.internal.NoIsolationWorkerFactory$1.execute(Lorg/gradle/workers/internal/ActionExecutionSpec;Lorg/gradle/internal/work/WorkerLeaseRegistry$WorkerLease;Lorg/gradle/internal/progress/BuildOperationState;)Lorg/gradle/workers/internal/DefaultWorkResult;+25
j  org.gradle.workers.internal.DefaultWorkerExecutor$1.call()Lorg/gradle/workers/internal/DefaultWorkResult;+36
j  org.gradle.workers.internal.DefaultWorkerExecutor$1.call()Ljava/lang/Object;+1
J 33116 C2 java.util.concurrent.FutureTask.run()V (126 bytes) @ 0x0000000114516054 [0x0000000114515fa0+0xb4]
J 22270 C2 org.gradle.internal.concurrent.ManagedExecutorImpl$1.run()V (57 bytes) @ 0x00000001119c69e0 [0x00000001119c6800+0x1e0]
J 35026 C2 java.util.concurrent.ThreadPoolExecutor.runWorker(Ljava/util/concurrent/ThreadPoolExecutor$Worker;)V (225 bytes) @ 0x000000011387b604 [0x000000011387b420+0x1e4]
J 22239 C1 java.util.concurrent.ThreadPoolExecutor$Worker.run()V (9 bytes) @ 0x0000000110ad9f04 [0x0000000110ad9e00+0x104]
J 27666 C1 org.gradle.internal.concurrent.ThreadFactoryImpl$ManagedThreadRunnable.run()V (13 bytes) @ 0x0000000111c095b4 [0x0000000111c09060+0x554]
J 24019 C1 java.lang.Thread.run()V (17 bytes) @ 0x00000001134be744 [0x00000001134be600+0x144]
v  ~StubRoutines::call_stub
V  [libjvm.dylib+0x2c062b]  JavaCalls::call_helper(JavaValue*, methodHandle*, JavaCallArguments*, Thread*)+0x597
V  [libjvm.dylib+0x2bf754]  JavaCalls::call_virtual(JavaValue*, KlassHandle, Symbol*, Symbol*, JavaCallArguments*, Thread*)+0x13e
V  [libjvm.dylib+0x2bf893]  JavaCalls::call_virtual(JavaValue*, Handle, KlassHandle, Symbol*, Symbol*, Thread*)+0x57
V  [libjvm.dylib+0x30410a]  thread_entry(JavaThread*, Thread*)+0x78
V  [libjvm.dylib+0x505e88]  JavaThread::thread_main_inner()+0x82
V  [libjvm.dylib+0x505d4d]  JavaThread::run()+0x199
V  [libjvm.dylib+0x435709]  java_start(Thread*)+0xfa
C  [libsystem_pthread.dylib+0x3661]  _pthread_body+0x154
C  [libsystem_pthread.dylib+0x350d]  _pthread_body+0x0
C  [libsystem_pthread.dylib+0x2bf9]  thread_start+0xd
C  0x0000000000000000


---------------  P R O C E S S  ---------------

Java Threads: ( => current thread )
=>0x00007f9c4ee91800 JavaThread "Worker Daemon Execution" [_thread_in_Java, id=25387, stack(0x0000700003938000,0x0000700003a38000)]
  0x00007f9c51e7a800 JavaThread "Task worker for ':' Thread 3" [_thread_in_Java, id=23303, stack(0x0000700003835000,0x0000700003935000)]
  0x00007f9c51d10800 JavaThread "Task worker for ':' Thread 2" [_thread_blocked, id=29163, stack(0x0000700003732000,0x0000700003832000)]
  0x00007f9c50ff7000 JavaThread "Task worker for ':'" [_thread_blocked, id=17643, stack(0x000070000362f000,0x000070000372f000)]
  0x00007f9c5394c000 JavaThread "Cache worker for Build Output Cleanup Cache (/Users/user/Documents/Projetos-estudo/WhatsAppUdemy/.gradle/buildOutputCleanup)" [_thread_blocked, id=16815, stack(0x000070000352c000,0x000070000362c000)]
  0x00007f9c4df01800 JavaThread "Cache worker for task history cache (/Users/user/Documents/Projetos-estudo/WhatsAppUdemy/.gradle/4.4/taskHistory)" [_thread_blocked, id=22083, stack(0x0000700003429000,0x0000700003529000)]
  0x00007f9c4d5b3800 JavaThread "build operations Thread 4" [_thread_blocked, id=38951, stack(0x000070000301d000,0x000070000311d000)]
  0x00007f9c4dbdb000 JavaThread "build operations Thread 3" [_thread_blocked, id=17019, stack(0x0000700002f1a000,0x000070000301a000)]
  0x00007f9c4e206000 JavaThread "build operations Thread 2" [_thread_blocked, id=36911, stack(0x0000700002e17000,0x0000700002f17000)]
  0x00007f9c54c1f000 JavaThread "build operations" [_thread_blocked, id=42083, stack(0x0000700002d14000,0x0000700002e14000)]
  0x00007f9c53c1a000 JavaThread "Cache worker for Artifact transforms cache (/Users/user/.gradle/caches/transforms-1)" [_thread_blocked, id=31783, stack(0x0000700002c11000,0x0000700002d11000)]
  0x00007f9c556c2000 JavaThread "Cache worker for file hash cache (/Users/user/Documents/Projetos-estudo/WhatsAppUdemy/.gradle/4.4/fileHashes)" [_thread_blocked, id=32763, stack(0x0000700002908000,0x0000700002a08000)]
  0x00007f9c5530b800 JavaThread "Stdin handler" [_thread_blocked, id=26651, stack(0x0000700002805000,0x0000700002905000)]
  0x00007f9c5534f800 JavaThread "Asynchronous log dispatcher for DefaultDaemonConnection: socket connection from /127.0.0.1:61021 to /127.0.0.1:53768" [_thread_blocked, id=26019, stack(0x0000700002702000,0x0000700002802000)]
  0x00007f9c53f4f800 JavaThread "Cancel handler" [_thread_blocked, id=21947, stack(0x00007000024fc000,0x00007000025fc000)]
  0x00007f9c54d7c000 JavaThread "Handler for socket connection from /127.0.0.1:61021 to /127.0.0.1:53768" [_thread_in_native, id=16535, stack(0x00007000023f9000,0x00007000024f9000)]
  0x00007f9c4e673000 JavaThread "Daemon worker Thread 37" [_thread_blocked, id=40975, stack(0x00007000025ff000,0x00007000026ff000)]
  0x00007f9c4d110800 JavaThread "Daemon Thread 37" [_thread_blocked, id=35047, stack(0x00007000012c3000,0x00007000013c3000)]
  0x00007f9c4efef800 JavaThread "pool-133-thread-1" [_thread_blocked, id=36795, stack(0x0000700003326000,0x0000700003426000)]
  0x00007f9c540ca800 JavaThread "Java2D Disposer" daemon [_thread_blocked, id=36099, stack(0x0000700003f4a000,0x000070000404a000)]
  0x00007f9c4ed31000 JavaThread "AWT-AppKit" daemon [_thread_in_native, id=775, stack(0x00007ffee8edf000,0x00007ffee96df000)]
  0x00007f9c528fd000 JavaThread "Memory manager" [_thread_blocked, id=40195, stack(0x0000700003223000,0x0000700003323000)]
  0x00007f9c528f4000 JavaThread "pool-1-thread-1" [_thread_blocked, id=40451, stack(0x0000700003120000,0x0000700003220000)]
  0x00007f9c4d513800 JavaThread "File lock request listener" [_thread_in_native, id=22787, stack(0x0000700002b0e000,0x0000700002c0e000)]
  0x00007f9c4d50b800 JavaThread "Cache worker for file hash cache (/Users/user/.gradle/caches/4.4/fileHashes)" [_thread_blocked, id=22531, stack(0x0000700002a0b000,0x0000700002b0b000)]
  0x00007f9c4daf5000 JavaThread "Daemon periodic checks" [_thread_blocked, id=15875, stack(0x00007000022f6000,0x00007000023f6000)]
  0x00007f9c4dc08000 JavaThread "Incoming local TCP Connector on port 61021" [_thread_in_native, id=17923, stack(0x00007000021f3000,0x00007000022f3000)]
  0x00007f9c4e03a800 JavaThread "Service Thread" daemon [_thread_blocked, id=18179, stack(0x0000700001fed000,0x00007000020ed000)]
  0x00007f9c4d819000 JavaThread "C1 CompilerThread2" daemon [_thread_blocked, id=14851, stack(0x0000700001eea000,0x0000700001fea000)]
  0x00007f9c4d818000 JavaThread "C2 CompilerThread1" daemon [_thread_blocked, id=14339, stack(0x0000700001de7000,0x0000700001ee7000)]
  0x00007f9c4e01c000 JavaThread "C2 CompilerThread0" daemon [_thread_blocked, id=14083, stack(0x0000700001ce4000,0x0000700001de4000)]
  0x00007f9c4d816800 JavaThread "Signal Dispatcher" daemon [_thread_blocked, id=13575, stack(0x0000700001be1000,0x0000700001ce1000)]
  0x00007f9c4d80d000 JavaThread "Finalizer" daemon [_thread_blocked, id=12035, stack(0x0000700001ade000,0x0000700001bde000)]
  0x00007f9c4e83e000 JavaThread "Reference Handler" daemon [_thread_blocked, id=20995, stack(0x00007000019db000,0x0000700001adb000)]
  0x00007f9c4e004000 JavaThread "main" [_thread_blocked, id=5891, stack(0x00007000013c9000,0x00007000014c9000)]

Other Threads:
  0x00007f9c4e027000 VMThread [stack: 0x00007000018d8000,0x00007000019d8000] [id=11779]
  0x00007f9c4d83b800 WatcherThread [stack: 0x00007000020f0000,0x00007000021f0000] [id=15363]

VM state:not at safepoint (normal execution)

VM Mutex/Monitor currently owned by a thread: None

Heap:
 PSYoungGen      total 414208K, used 261776K [0x00000007a0000000, 0x00000007c0000000, 0x00000007c0000000)
  eden space 325632K, 58% used [0x00000007a0000000,0x00000007ab966868,0x00000007b3e00000)
  from space 88576K, 81% used [0x00000007ba980000,0x00000007befbdb48,0x00000007c0000000)
  to   space 99328K, 0% used [0x00000007b3e00000,0x00000007b3e00000,0x00000007b9f00000)
 ParOldGen       total 258560K, used 124752K [0x0000000760000000, 0x000000076fc80000, 0x00000007a0000000)
  object space 258560K, 48% used [0x0000000760000000,0x00000007679d4280,0x000000076fc80000)
 Metaspace       used 130139K, capacity 142298K, committed 142552K, reserved 1173504K
  class space    used 16550K, capacity 19141K, committed 19200K, reserved 1048576K

Card table byte_map: [0x0000000107c28000,0x0000000107f29000] byte_map_base: 0x0000000104128000

Marking Bits: (ParMarkBitMap*) 0x00000001075f81c8
 Begin Bits: [0x0000000108129000, 0x0000000109929000)
 End Bits:   [0x0000000109929000, 0x000000010b129000)

Polling page: 0x0000000106595000

CodeCache: size=245760Kb used=98633Kb max_used=98920Kb free=147126Kb
 bounds [0x000000011092b000, 0x0000000116a9b000, 0x000000011f92b000]
 total_blobs=29044 nmethods=28048 adapters=908
 compilation: enabled

Compilation events (10 events):
Event: 24289.770 Thread 0x00007f9c4e01c000 nmethod 43338 0x0000000111b53a10 code [0x0000000111b53be0, 0x0000000111b546b8]
Event: 24290.110 Thread 0x00007f9c4e01c000 43340   !   4       com.sun.org.apache.xerces.internal.jaxp.SAXParserFactoryImpl::setFeature (101 bytes)
Event: 24290.118 Thread 0x00007f9c4e01c000 nmethod 43340 0x0000000114c1d710 code [0x0000000114c1d8a0, 0x0000000114c1dbd8]
Event: 24290.249 Thread 0x00007f9c4e01c000 43341   !   4       com.sun.org.apache.xerces.internal.jaxp.SAXParserImpl$JAXPSAXParser::<init> (175 bytes)
Event: 24290.258 Thread 0x00007f9c4e01c000 nmethod 43341 0x0000000110c07b90 code [0x0000000110c07d00, 0x0000000110c07f08]
Event: 24290.862 Thread 0x00007f9c4d819000 43342       3       com.android.ide.common.resources.configuration.ResourceQualifier::isValid (17 bytes)
Event: 24290.862 Thread 0x00007f9c4d819000 nmethod 43342 0x00000001156a0090 code [0x00000001156a0200, 0x00000001156a0488]
Event: 24290.881 Thread 0x00007f9c4e01c000 43343       4       com.android.ide.common.resources.configuration.FolderConfiguration::hashCode (8 bytes)
Event: 24290.886 Thread 0x00007f9c4e01c000 nmethod 43343 0x00000001161b6810 code [0x00000001161b6960, 0x00000001161b6ae8]
Event: 24290.937 Thread 0x00007f9c4d818000 nmethod 43339 0x0000000116619890 code [0x0000000116619d80, 0x000000011661daa8]

GC Heap History (10 events):
Event: 21233.493 GC heap before
{Heap before GC invocations=73 (full 5):
 PSYoungGen      total 430592K, used 375297K [0x00000007a0000000, 0x00000007c0000000, 0x00000007c0000000)
  eden space 336896K, 99% used [0x00000007a0000000,0x00000007b48fcab8,0x00000007b4900000)
  from space 93696K, 40% used [0x00000007b4900000,0x00000007b6e83af0,0x00000007ba480000)
  to   space 88576K, 0% used [0x00000007ba980000,0x00000007ba980000,0x00000007c0000000)
 ParOldGen       total 258560K, used 105891K [0x0000000760000000, 0x000000076fc80000, 0x00000007a0000000)
  object space 258560K, 40% used [0x0000000760000000,0x0000000766768f88,0x000000076fc80000)
 Metaspace       used 125931K, capacity 136926K, committed 137048K, reserved 1167360K
  class space    used 15928K, capacity 18249K, committed 18304K, reserved 1048576K
Event: 21233.586 GC heap after
Heap after GC invocations=73 (full 5):
 PSYoungGen      total 417280K, used 33687K [0x00000007a0000000, 0x00000007bf300000, 0x00000007c0000000)
  eden space 342016K, 0% used [0x00000007a0000000,0x00000007a0000000,0x00000007b4e00000)
  from space 75264K, 44% used [0x00000007ba980000,0x00000007bca65c98,0x00000007bf300000)
  to   space 84480K, 0% used [0x00000007b4e00000,0x00000007b4e00000,0x00000007ba080000)
 ParOldGen       total 258560K, used 106011K [0x0000000760000000, 0x000000076fc80000, 0x00000007a0000000)
  object space 258560K, 41% used [0x0000000760000000,0x0000000766786f88,0x000000076fc80000)
 Metaspace       used 125931K, capacity 136926K, committed 137048K, reserved 1167360K
  class space    used 15928K, capacity 18249K, committed 18304K, reserved 1048576K
}
Event: 22293.505 GC heap before
{Heap before GC invocations=74 (full 5):
 PSYoungGen      total 417280K, used 375703K [0x00000007a0000000, 0x00000007bf300000, 0x00000007c0000000)
  eden space 342016K, 100% used [0x00000007a0000000,0x00000007b4e00000,0x00000007b4e00000)
  from space 75264K, 44% used [0x00000007ba980000,0x00000007bca65c98,0x00000007bf300000)
  to   space 84480K, 0% used [0x00000007b4e00000,0x00000007b4e00000,0x00000007ba080000)
 ParOldGen       total 258560K, used 106011K [0x0000000760000000, 0x000000076fc80000, 0x00000007a0000000)
  object space 258560K, 41% used [0x0000000760000000,0x0000000766786f88,0x000000076fc80000)
 Metaspace       used 127609K, capacity 139018K, committed 139096K, reserved 1169408K
  class space    used 16124K, capacity 18513K, committed 18560K, reserved 1048576K
Event: 22293.747 GC heap after
Heap after GC invocations=74 (full 5):
 PSYoungGen      total 426496K, used 40931K [0x00000007a0000000, 0x00000007bfd80000, 0x00000007c0000000)
  eden space 342016K, 0% used [0x00000007a0000000,0x00000007a0000000,0x00000007b4e00000)
  from space 84480K, 48% used [0x00000007b4e00000,0x00000007b75f8ff8,0x00000007ba080000)
  to   space 80896K, 0% used [0x00000007bae80000,0x00000007bae80000,0x00000007bfd80000)
 ParOldGen       total 258560K, used 106175K [0x0000000760000000, 0x000000076fc80000, 0x00000007a0000000)
  object space 258560K, 41% used [0x0000000760000000,0x00000007667affb8,0x000000076fc80000)
 Metaspace       used 127609K, capacity 139018K, committed 139096K, reserved 1169408K
  class space    used 16124K, capacity 18513K, committed 18560K, reserved 1048576K
}
Event: 22297.180 GC heap before
{Heap before GC invocations=75 (full 5):
 PSYoungGen      total 426496K, used 382947K [0x00000007a0000000, 0x00000007bfd80000, 0x00000007c0000000)
  eden space 342016K, 100% used [0x00000007a0000000,0x00000007b4e00000,0x00000007b4e00000)
  from space 84480K, 48% used [0x00000007b4e00000,0x00000007b75f8ff8,0x00000007ba080000)
  to   space 80896K, 0% used [0x00000007bae80000,0x00000007bae80000,0x00000007bfd80000)
 ParOldGen       total 258560K, used 106175K [0x0000000760000000, 0x000000076fc80000, 0x00000007a0000000)
  object space 258560K, 41% used [0x0000000760000000,0x00000007667affb8,0x000000076fc80000)
 Metaspace       used 127749K, capacity 139184K, committed 139352K, reserved 1169408K
  class space    used 16132K, capacity 18518K, committed 18560K, reserved 1048576K
Event: 22297.260 GC heap after
Heap after GC invocations=75 (full 5):
 PSYoungGen      total 430592K, used 37778K [0x00000007a0000000, 0x00000007bf480000, 0x00000007c0000000)
  eden space 358912K, 0% used [0x00000007a0000000,0x00000007a0000000,0x00000007b5e80000)
  from space 71680K, 52% used [0x00000007bae80000,0x00000007bd364948,0x00000007bf480000)
  to   space 76800K, 0% used [0x00000007b5e80000,0x00000007b5e80000,0x00000007ba980000)
 ParOldGen       total 258560K, used 106383K [0x0000000760000000, 0x000000076fc80000, 0x00000007a0000000)
  object space 258560K, 41% used [0x0000000760000000,0x00000007667e3ff8,0x000000076fc80000)
 Metaspace       used 127749K, capacity 139184K, committed 139352K, reserved 1169408K
  class space    used 16132K, capacity 18518K, committed 18560K, reserved 1048576K
}
Event: 22759.328 GC heap before
{Heap before GC invocations=76 (full 5):
 PSYoungGen      total 430592K, used 396291K [0x00000007a0000000, 0x00000007bf480000, 0x00000007c0000000)
  eden space 358912K, 99% used [0x00000007a0000000,0x00000007b5e1c478,0x00000007b5e80000)
  from space 71680K, 52% used [0x00000007bae80000,0x00000007bd364948,0x00000007bf480000)
  to   space 76800K, 0% used [0x00000007b5e80000,0x00000007b5e80000,0x00000007ba980000)
 ParOldGen       total 258560K, used 106383K [0x0000000760000000, 0x000000076fc80000, 0x00000007a0000000)
  object space 258560K, 41% used [0x0000000760000000,0x00000007667e3ff8,0x000000076fc80000)
 Metaspace       used 127889K, capacity 139326K, committed 139608K, reserved 1171456K
  class space    used 16133K, capacity 18519K, committed 18560K, reserved 1048576K
Event: 22760.012 GC heap after
Heap after GC invocations=76 (full 5):
 PSYoungGen      total 435712K, used 76783K [0x00000007a0000000, 0x00000007c0000000, 0x00000007c0000000)
  eden space 358912K, 0% used [0x00000007a0000000,0x00000007a0000000,0x00000007b5e80000)
  from space 76800K, 99% used [0x00000007b5e80000,0x00000007ba97bf80,0x00000007ba980000)
  to   space 88576K, 0% used [0x00000007ba980000,0x00000007ba980000,0x00000007c0000000)
 ParOldGen       total 258560K, used 124424K [0x0000000760000000, 0x000000076fc80000, 0x00000007a0000000)
  object space 258560K, 48% used [0x0000000760000000,0x0000000767982280,0x000000076fc80000)
 Metaspace       used 127889K, capacity 139326K, committed 139608K, reserved 1171456K
  class space    used 16133K, capacity 18519K, committed 18560K, reserved 1048576K
}
Event: 24258.697 GC heap before
{Heap before GC invocations=77 (full 5):
 PSYoungGen      total 435712K, used 435695K [0x00000007a0000000, 0x00000007c0000000, 0x00000007c0000000)
  eden space 358912K, 100% used [0x00000007a0000000,0x00000007b5e80000,0x00000007b5e80000)
  from space 76800K, 99% used [0x00000007b5e80000,0x00000007ba97bf80,0x00000007ba980000)
  to   space 88576K, 0% used [0x00000007ba980000,0x00000007ba980000,0x00000007c0000000)
 ParOldGen       total 258560K, used 124424K [0x0000000760000000, 0x000000076fc80000, 0x00000007a0000000)
  object space 258560K, 48% used [0x0000000760000000,0x0000000767982280,0x000000076fc80000)
 Metaspace       used 129101K, capacity 140986K, committed 141272K, reserved 1171456K
  class space    used 16371K, capacity 18858K, committed 18944K, reserved 1048576K
Event: 24259.760 GC heap after
Heap after GC invocations=77 (full 5):
 PSYoungGen      total 414208K, used 71926K [0x00000007a0000000, 0x00000007c0000000, 0x00000007c0000000)
  eden space 325632K, 0% used [0x00000007a0000000,0x00000007a0000000,0x00000007b3e00000)
  from space 88576K, 81% used [0x00000007ba980000,0x00000007befbdb48,0x00000007c0000000)
  to   space 99328K, 0% used [0x00000007b3e00000,0x00000007b3e00000,0x00000007b9f00000)
 ParOldGen       total 258560K, used 124752K [0x0000000760000000, 0x000000076fc80000, 0x00000007a0000000)
  object space 258560K, 48% used [0x0000000760000000,0x00000007679d4280,0x000000076fc80000)
 Metaspace       used 129101K, capacity 140986K, committed 141272K, reserved 1171456K
  class space    used 16371K, capacity 18858K, committed 18944K, reserved 1048576K
}

Deoptimization events (10 events):
Event: 24254.100 Thread 0x00007f9c4e673000 Uncommon trap: reason=class_check action=maybe_recompile pc=0x0000000115b66df4 method=org.objectweb.asm.MethodVisitor.visitTryCatchBlock(Lorg/objectweb/asm/Label;Lorg/objectweb/asm/Label;Lorg/objectweb/asm/Label;Ljava/lang/String;)V @ 16
Event: 24254.100 Thread 0x00007f9c4e673000 Uncommon trap: reason=class_check action=maybe_recompile pc=0x0000000115b66df4 method=org.objectweb.asm.MethodVisitor.visitTryCatchBlock(Lorg/objectweb/asm/Label;Lorg/objectweb/asm/Label;Lorg/objectweb/asm/Label;Ljava/lang/String;)V @ 16
Event: 24254.100 Thread 0x00007f9c4e673000 Uncommon trap: reason=class_check action=maybe_recompile pc=0x0000000115b66df4 method=org.objectweb.asm.MethodVisitor.visitTryCatchBlock(Lorg/objectweb/asm/Label;Lorg/objectweb/asm/Label;Lorg/objectweb/asm/Label;Ljava/lang/String;)V @ 16
Event: 24257.207 Thread 0x00007f9c4e673000 Uncommon trap: reason=class_check action=maybe_recompile pc=0x000000011658c7d0 method=groovy.lang.MetaClassImpl$6.getProperty(Ljava/lang/Object;)Ljava/lang/Object; @ 1
Event: 24259.846 Thread 0x00007f9c4e673000 Uncommon trap: reason=class_check action=maybe_recompile pc=0x000000011658c7d0 method=groovy.lang.MetaClassImpl$6.getProperty(Ljava/lang/Object;)Ljava/lang/Object; @ 1
Event: 24259.886 Thread 0x00007f9c4e673000 Uncommon trap: reason=class_check action=maybe_recompile pc=0x00000001164edb50 method=org.codehaus.groovy.runtime.InvokerHelper.getProperty(Ljava/lang/Object;Ljava/lang/String;)Ljava/lang/Object; @ 29
Event: 24259.887 Thread 0x00007f9c4e673000 Uncommon trap: reason=class_check action=maybe_recompile pc=0x00000001164edb50 method=org.codehaus.groovy.runtime.InvokerHelper.getProperty(Ljava/lang/Object;Ljava/lang/String;)Ljava/lang/Object; @ 29
Event: 24259.887 Thread 0x00007f9c4e673000 Uncommon trap: reason=class_check action=maybe_recompile pc=0x00000001164edb50 method=org.codehaus.groovy.runtime.InvokerHelper.getProperty(Ljava/lang/Object;Ljava/lang/String;)Ljava/lang/Object; @ 29
Event: 24259.887 Thread 0x00007f9c4e673000 Uncommon trap: reason=class_check action=maybe_recompile pc=0x00000001164edb50 method=org.codehaus.groovy.runtime.InvokerHelper.getProperty(Ljava/lang/Object;Ljava/lang/String;)Ljava/lang/Object; @ 29
Event: 24290.814 Thread 0x00007f9c51e7a800 Uncommon trap: reason=unstable_if action=reinterpret pc=0x0000000116755bd0 method=com.sun.org.apache.xerces.internal.impl.XMLDocumentFragmentScannerImpl.scanEndElement()I @ 136

Classes redefined (0 events):
No events

Internal exceptions (10 events):
Event: 24290.913 Thread 0x00007f9c51e7a800 Exception <a 'java/lang/NoSuchMethodError': <clinit>> (0x00000007ab6ddb38) thrown at [/Volumes/android/AOSP-openjdk-git/jdk8u/hotspot/src/share/vm/prims/jni.cpp, line 1613]
Event: 24290.914 Thread 0x00007f9c51e7a800 Exception <a 'java/lang/NoSuchMethodError': <clinit>> (0x00000007ab6f4128) thrown at [/Volumes/android/AOSP-openjdk-git/jdk8u/hotspot/src/share/vm/prims/jni.cpp, line 1613]
Event: 24290.931 Thread 0x00007f9c51e7a800 Exception <a 'java/lang/NoSuchMethodError': <clinit>> (0x00000007ab764b40) thrown at [/Volumes/android/AOSP-openjdk-git/jdk8u/hotspot/src/share/vm/prims/jni.cpp, line 1613]
Event: 24290.939 Thread 0x00007f9c51e7a800 Exception <a 'java/lang/NoSuchMethodError': <clinit>> (0x00000007ab781380) thrown at [/Volumes/android/AOSP-openjdk-git/jdk8u/hotspot/src/share/vm/prims/jni.cpp, line 1613]
Event: 24290.939 Thread 0x00007f9c51e7a800 Exception <a 'java/lang/NoSuchMethodError': <clinit>> (0x00000007ab789258) thrown at [/Volumes/android/AOSP-openjdk-git/jdk8u/hotspot/src/share/vm/prims/jni.cpp, line 1613]
Event: 24290.939 Thread 0x00007f9c51e7a800 Exception <a 'java/lang/NoSuchMethodError': <clinit>> (0x00000007ab78c3d0) thrown at [/Volumes/android/AOSP-openjdk-git/jdk8u/hotspot/src/share/vm/prims/jni.cpp, line 1613]
Event: 24290.941 Thread 0x00007f9c51e7a800 Exception <a 'java/lang/NoSuchMethodError': <clinit>> (0x00000007ab7a0670) thrown at [/Volumes/android/AOSP-openjdk-git/jdk8u/hotspot/src/share/vm/prims/jni.cpp, line 1613]
Event: 24290.945 Thread 0x00007f9c51e7a800 Exception <a 'java/lang/NoSuchMethodError': <clinit>> (0x00000007ab7ba280) thrown at [/Volumes/android/AOSP-openjdk-git/jdk8u/hotspot/src/share/vm/prims/jni.cpp, line 1613]
Event: 24290.947 Thread 0x00007f9c51e7a800 Exception <a 'java/lang/NoSuchMethodError': <clinit>> (0x00000007ab7cc848) thrown at [/Volumes/android/AOSP-openjdk-git/jdk8u/hotspot/src/share/vm/prims/jni.cpp, line 1613]
Event: 24290.970 Thread 0x00007f9c4ee91800 Implicit null exception at 0x0000000115bbd8ea to 0x0000000000000000

Events (10 events):
Event: 24290.895 Thread 0x00007f9c4e01c000 flushing nmethod 0x00000001168ab010
Event: 24290.896 Thread 0x00007f9c4e01c000 flushing nmethod 0x00000001168ac1d0
Event: 24290.896 Thread 0x00007f9c4e01c000 flushing nmethod 0x00000001168aea90
Event: 24290.896 Thread 0x00007f9c4e01c000 flushing nmethod 0x00000001168b47d0
Event: 24290.896 Thread 0x00007f9c4e01c000 flushing nmethod 0x00000001168bb510
Event: 24290.896 Thread 0x00007f9c4e01c000 flushing nmethod 0x00000001168be990
Event: 24290.896 Thread 0x00007f9c4e01c000 flushing nmethod 0x00000001168bfa90
Event: 24290.897 Thread 0x00007f9c4e01c000 flushing nmethod 0x00000001168e4b10
Event: 24290.897 Thread 0x00007f9c4e01c000 flushing nmethod 0x000000011694f510
Event: 24290.966 Thread 0x00007f9c4ee91800 Thread added: 0x00007f9c4ee91800


Dynamic libraries:
0x0000000003761000 	/System/Library/Frameworks/Cocoa.framework/Versions/A/Cocoa
0x0000000003761000 	/System/Library/Frameworks/Security.framework/Versions/A/Security
0x0000000003761000 	/System/Library/Frameworks/ApplicationServices.framework/Versions/A/ApplicationServices
0x0000000003761000 	/usr/lib/libz.1.dylib
0x0000000003761000 	/usr/lib/libSystem.B.dylib
0x0000000003761000 	/System/Library/Frameworks/CoreFoundation.framework/Versions/A/CoreFoundation
0x0000000003761000 	/System/Library/Frameworks/Foundation.framework/Versions/C/Foundation
0x0000000003761000 	/usr/lib/libobjc.A.dylib
0x0000000003761000 	/System/Library/Frameworks/AppKit.framework/Versions/C/AppKit
0x0000000003761000 	/System/Library/Frameworks/CoreData.framework/Versions/A/CoreData
0x0000000003761000 	/System/Library/PrivateFrameworks/RemoteViewServices.framework/Versions/A/RemoteViewServices
0x0000000003761000 	/System/Library/PrivateFrameworks/UIFoundation.framework/Versions/A/UIFoundation
0x0000000003761000 	/System/Library/PrivateFrameworks/DFRFoundation.framework/Versions/A/DFRFoundation
0x0000000003761000 	/System/Library/Frameworks/Metal.framework/Versions/A/Metal
0x0000000003761000 	/System/Library/PrivateFrameworks/DesktopServicesPriv.framework/Versions/A/DesktopServicesPriv
0x0000000003761000 	/usr/lib/libenergytrace.dylib
0x0000000003761000 	/System/Library/PrivateFrameworks/SkyLight.framework/Versions/A/SkyLight
0x0000000003761000 	/System/Library/Frameworks/CoreGraphics.framework/Versions/A/CoreGraphics
0x0000000003761000 	/usr/lib/libScreenReader.dylib
0x0000000003761000 	/System/Library/Frameworks/Accelerate.framework/Versions/A/Accelerate
0x0000000003761000 	/System/Library/Frameworks/IOSurface.framework/Versions/A/IOSurface
0x0000000003761000 	/System/Library/Frameworks/AudioToolbox.framework/Versions/A/AudioToolbox
0x0000000003761000 	/System/Library/Frameworks/AudioUnit.framework/Versions/A/AudioUnit
0x0000000003761000 	/System/Library/PrivateFrameworks/DataDetectorsCore.framework/Versions/A/DataDetectorsCore
0x0000000003761000 	/System/Library/Frameworks/Carbon.framework/Versions/A/Frameworks/HIToolbox.framework/Versions/A/HIToolbox
0x0000000003761000 	/usr/lib/libicucore.A.dylib
0x0000000003761000 	/System/Library/Frameworks/QuartzCore.framework/Versions/A/QuartzCore
0x0000000003761000 	/System/Library/PrivateFrameworks/SignpostNotification.framework/Versions/A/SignpostNotification
0x0000000003761000 	/System/Library/Frameworks/Carbon.framework/Versions/A/Frameworks/SpeechRecognition.framework/Versions/A/SpeechRecognition
0x0000000003761000 	/usr/lib/libauto.dylib
0x0000000003761000 	/usr/lib/libxml2.2.dylib
0x0000000003761000 	/System/Library/PrivateFrameworks/CoreUI.framework/Versions/A/CoreUI
0x0000000003761000 	/System/Library/Frameworks/CoreAudio.framework/Versions/A/CoreAudio
0x0000000003761000 	/System/Library/Frameworks/DiskArbitration.framework/Versions/A/DiskArbitration
0x0000000003761000 	/usr/lib/liblangid.dylib
0x0000000003761000 	/System/Library/PrivateFrameworks/MultitouchSupport.framework/Versions/A/MultitouchSupport
0x0000000003761000 	/System/Library/Frameworks/IOKit.framework/Versions/A/IOKit
0x0000000003761000 	/usr/lib/libDiagnosticMessagesClient.dylib
0x0000000003761000 	/System/Library/Frameworks/CoreServices.framework/Versions/A/CoreServices
0x0000000003761000 	/System/Library/PrivateFrameworks/PerformanceAnalysis.framework/Versions/A/PerformanceAnalysis
0x0000000003761000 	/System/Library/Frameworks/OpenGL.framework/Versions/A/OpenGL
0x0000000003761000 	/System/Library/Frameworks/ColorSync.framework/Versions/A/ColorSync
0x0000000003761000 	/System/Library/Frameworks/CoreImage.framework/Versions/A/CoreImage
0x0000000003761000 	/System/Library/Frameworks/CoreText.framework/Versions/A/CoreText
0x0000000003761000 	/System/Library/Frameworks/ImageIO.framework/Versions/A/ImageIO
0x0000000003761000 	/System/Library/PrivateFrameworks/Backup.framework/Versions/A/Backup
0x0000000003761000 	/usr/lib/libarchive.2.dylib
0x0000000003761000 	/System/Library/Frameworks/CFNetwork.framework/Versions/A/CFNetwork
0x0000000003761000 	/System/Library/Frameworks/SystemConfiguration.framework/Versions/A/SystemConfiguration
0x0000000003761000 	/usr/lib/libCRFSuite.dylib
0x0000000003761000 	/usr/lib/libc++.1.dylib
0x0000000003761000 	/usr/lib/libc++abi.dylib
0x0000000003761000 	/usr/lib/system/libcache.dylib
0x0000000003761000 	/usr/lib/system/libcommonCrypto.dylib
0x0000000003761000 	/usr/lib/system/libcompiler_rt.dylib
0x0000000003761000 	/usr/lib/system/libcopyfile.dylib
0x0000000003761000 	/usr/lib/system/libcorecrypto.dylib
0x0000000003761000 	/usr/lib/system/libdispatch.dylib
0x0000000003761000 	/usr/lib/system/libdyld.dylib
0x0000000003761000 	/usr/lib/system/libkeymgr.dylib
0x0000000003761000 	/usr/lib/system/liblaunch.dylib
0x0000000003761000 	/usr/lib/system/libmacho.dylib
0x0000000003761000 	/usr/lib/system/libquarantine.dylib
0x0000000003761000 	/usr/lib/system/libremovefile.dylib
0x0000000003761000 	/usr/lib/system/libsystem_asl.dylib
0x0000000003761000 	/usr/lib/system/libsystem_blocks.dylib
0x0000000003761000 	/usr/lib/system/libsystem_c.dylib
0x0000000003761000 	/usr/lib/system/libsystem_configuration.dylib
0x0000000003761000 	/usr/lib/system/libsystem_coreservices.dylib
0x0000000003761000 	/usr/lib/system/libsystem_darwin.dylib
0x0000000003761000 	/usr/lib/system/libsystem_dnssd.dylib
0x0000000003761000 	/usr/lib/system/libsystem_info.dylib
0x0000000003761000 	/usr/lib/system/libsystem_m.dylib
0x0000000003761000 	/usr/lib/system/libsystem_malloc.dylib
0x0000000003761000 	/usr/lib/system/libsystem_network.dylib
0x0000000003761000 	/usr/lib/system/libsystem_networkextension.dylib
0x0000000003761000 	/usr/lib/system/libsystem_notify.dylib
0x0000000003761000 	/usr/lib/system/libsystem_sandbox.dylib
0x0000000003761000 	/usr/lib/system/libsystem_secinit.dylib
0x0000000003761000 	/usr/lib/system/libsystem_kernel.dylib
0x0000000003761000 	/usr/lib/system/libsystem_platform.dylib
0x0000000003761000 	/usr/lib/system/libsystem_pthread.dylib
0x0000000003761000 	/usr/lib/system/libsystem_symptoms.dylib
0x0000000003761000 	/usr/lib/system/libsystem_trace.dylib
0x0000000003761000 	/usr/lib/system/libunwind.dylib
0x0000000003761000 	/usr/lib/system/libxpc.dylib
0x0000000003761000 	/usr/lib/closure/libclosured.dylib
0x0000000003761000 	/usr/lib/libbsm.0.dylib
0x0000000003761000 	/usr/lib/system/libkxld.dylib
0x0000000003761000 	/usr/lib/libOpenScriptingUtil.dylib
0x0000000003761000 	/usr/lib/libcoretls.dylib
0x0000000003761000 	/usr/lib/libcoretls_cfhelpers.dylib
0x0000000003761000 	/usr/lib/libpam.2.dylib
0x0000000003761000 	/usr/lib/libsqlite3.dylib
0x0000000003761000 	/usr/lib/libxar.1.dylib
0x0000000003761000 	/usr/lib/libbz2.1.0.dylib
0x0000000003761000 	/usr/lib/liblzma.5.dylib
0x0000000003761000 	/usr/lib/libnetwork.dylib
0x0000000003761000 	/usr/lib/libapple_nghttp2.dylib
0x0000000003761000 	/usr/lib/libpcap.A.dylib
0x0000000003761000 	/usr/lib/libboringssl.dylib
0x0000000003761000 	/usr/lib/libusrtcp.dylib
0x0000000003761000 	/usr/lib/libapple_crypto.dylib
0x0000000003761000 	/System/Library/Frameworks/CoreServices.framework/Versions/A/Frameworks/FSEvents.framework/Versions/A/FSEvents
0x0000000003761000 	/System/Library/Frameworks/CoreServices.framework/Versions/A/Frameworks/CarbonCore.framework/Versions/A/CarbonCore
0x0000000003761000 	/System/Library/Frameworks/CoreServices.framework/Versions/A/Frameworks/Metadata.framework/Versions/A/Metadata
0x0000000003761000 	/System/Library/Frameworks/CoreServices.framework/Versions/A/Frameworks/OSServices.framework/Versions/A/OSServices
0x0000000003761000 	/System/Library/Frameworks/CoreServices.framework/Versions/A/Frameworks/SearchKit.framework/Versions/A/SearchKit
0x0000000003761000 	/System/Library/Frameworks/CoreServices.framework/Versions/A/Frameworks/AE.framework/Versions/A/AE
0x0000000003761000 	/System/Library/Frameworks/CoreServices.framework/Versions/A/Frameworks/LaunchServices.framework/Versions/A/LaunchServices
0x0000000003761000 	/System/Library/Frameworks/CoreServices.framework/Versions/A/Frameworks/DictionaryServices.framework/Versions/A/DictionaryServices
0x0000000003761000 	/System/Library/Frameworks/CoreServices.framework/Versions/A/Frameworks/SharedFileList.framework/Versions/A/SharedFileList
0x0000000003761000 	/System/Library/Frameworks/NetFS.framework/Versions/A/NetFS
0x0000000003761000 	/System/Library/PrivateFrameworks/NetAuth.framework/Versions/A/NetAuth
0x0000000003761000 	/System/Library/PrivateFrameworks/login.framework/Versions/A/Frameworks/loginsupport.framework/Versions/A/loginsupport
0x0000000003761000 	/System/Library/PrivateFrameworks/TCC.framework/Versions/A/TCC
0x0000000003761000 	/usr/lib/libmecabra.dylib
0x0000000003761000 	/System/Library/Frameworks/ApplicationServices.framework/Versions/A/Frameworks/ATS.framework/Versions/A/ATS
0x0000000003761000 	/System/Library/Frameworks/ApplicationServices.framework/Versions/A/Frameworks/ColorSyncLegacy.framework/Versions/A/ColorSyncLegacy
0x0000000003761000 	/System/Library/Frameworks/ApplicationServices.framework/Versions/A/Frameworks/HIServices.framework/Versions/A/HIServices
0x0000000003761000 	/System/Library/Frameworks/ApplicationServices.framework/Versions/A/Frameworks/LangAnalysis.framework/Versions/A/LangAnalysis
0x0000000003761000 	/System/Library/Frameworks/ApplicationServices.framework/Versions/A/Frameworks/PrintCore.framework/Versions/A/PrintCore
0x0000000003761000 	/System/Library/Frameworks/ApplicationServices.framework/Versions/A/Frameworks/QD.framework/Versions/A/QD
0x0000000003761000 	/System/Library/Frameworks/ApplicationServices.framework/Versions/A/Frameworks/SpeechSynthesis.framework/Versions/A/SpeechSynthesis
0x0000000003761000 	/System/Library/Frameworks/CoreDisplay.framework/Versions/A/CoreDisplay
0x0000000003761000 	/System/Library/Frameworks/Accelerate.framework/Versions/A/Frameworks/vImage.framework/Versions/A/vImage
0x0000000003761000 	/System/Library/Frameworks/Accelerate.framework/Versions/A/Frameworks/vecLib.framework/Versions/A/vecLib
0x0000000003761000 	/System/Library/Frameworks/Accelerate.framework/Versions/A/Frameworks/vecLib.framework/Versions/A/libvDSP.dylib
0x0000000003761000 	/System/Library/Frameworks/Accelerate.framework/Versions/A/Frameworks/vecLib.framework/Versions/A/libBNNS.dylib
0x0000000003761000 	/System/Library/Frameworks/Accelerate.framework/Versions/A/Frameworks/vecLib.framework/Versions/A/libQuadrature.dylib
0x0000000003761000 	/System/Library/Frameworks/Accelerate.framework/Versions/A/Frameworks/vecLib.framework/Versions/A/libvMisc.dylib
0x0000000003761000 	/System/Library/Frameworks/Accelerate.framework/Versions/A/Frameworks/vecLib.framework/Versions/A/libLAPACK.dylib
0x0000000003761000 	/System/Library/Frameworks/Accelerate.framework/Versions/A/Frameworks/vecLib.framework/Versions/A/libBLAS.dylib
0x0000000003761000 	/System/Library/Frameworks/Accelerate.framework/Versions/A/Frameworks/vecLib.framework/Versions/A/libLinearAlgebra.dylib
0x0000000003761000 	/System/Library/Frameworks/Accelerate.framework/Versions/A/Frameworks/vecLib.framework/Versions/A/libSparse.dylib
0x0000000003761000 	/System/Library/Frameworks/Accelerate.framework/Versions/A/Frameworks/vecLib.framework/Versions/A/libSparseBLAS.dylib
0x0000000003761000 	/System/Library/PrivateFrameworks/GPUWrangler.framework/Versions/A/GPUWrangler
0x0000000003761000 	/System/Library/PrivateFrameworks/IOAccelerator.framework/Versions/A/IOAccelerator
0x0000000003761000 	/System/Library/PrivateFrameworks/IOPresentment.framework/Versions/A/IOPresentment
0x0000000003761000 	/System/Library/PrivateFrameworks/DSExternalDisplay.framework/Versions/A/DSExternalDisplay
0x0000000003761000 	/System/Library/Frameworks/OpenGL.framework/Versions/A/Libraries/libCoreFSCache.dylib
0x0000000003761000 	/System/Library/Frameworks/CoreVideo.framework/Versions/A/CoreVideo
0x0000000003761000 	/System/Library/PrivateFrameworks/GraphVisualizer.framework/Versions/A/GraphVisualizer
0x0000000003761000 	/System/Library/Frameworks/MetalPerformanceShaders.framework/Versions/A/MetalPerformanceShaders
0x0000000003761000 	/usr/lib/libFosl_dynamic.dylib
0x0000000003761000 	/System/Library/PrivateFrameworks/FaceCore.framework/Versions/A/FaceCore
0x0000000003761000 	/System/Library/Frameworks/OpenCL.framework/Versions/A/OpenCL
0x0000000003761000 	/usr/lib/libcompression.dylib
0x0000000003761000 	/System/Library/Frameworks/ApplicationServices.framework/Versions/A/Frameworks/ATS.framework/Versions/A/Resources/libFontParser.dylib
0x0000000003761000 	/System/Library/Frameworks/ApplicationServices.framework/Versions/A/Frameworks/ATS.framework/Versions/A/Resources/libFontRegistry.dylib
0x0000000003761000 	/System/Library/Frameworks/ImageIO.framework/Versions/A/Resources/libJPEG.dylib
0x0000000003761000 	/System/Library/Frameworks/ImageIO.framework/Versions/A/Resources/libTIFF.dylib
0x0000000003761000 	/System/Library/Frameworks/ImageIO.framework/Versions/A/Resources/libPng.dylib
0x0000000003761000 	/System/Library/Frameworks/ImageIO.framework/Versions/A/Resources/libGIF.dylib
0x0000000003761000 	/System/Library/Frameworks/ImageIO.framework/Versions/A/Resources/libJP2.dylib
0x0000000003761000 	/System/Library/Frameworks/ImageIO.framework/Versions/A/Resources/libRadiance.dylib
0x0000000003761000 	/System/Library/PrivateFrameworks/AppleJPEG.framework/Versions/A/AppleJPEG
0x0000000003761000 	/System/Library/Frameworks/MetalPerformanceShaders.framework/Frameworks/MPSCore.framework/Versions/A/MPSCore
0x0000000003761000 	/System/Library/Frameworks/MetalPerformanceShaders.framework/Frameworks/MPSImage.framework/Versions/A/MPSImage
0x0000000003761000 	/System/Library/Frameworks/MetalPerformanceShaders.framework/Frameworks/MPSNeuralNetwork.framework/Versions/A/MPSNeuralNetwork
0x0000000003761000 	/System/Library/Frameworks/MetalPerformanceShaders.framework/Frameworks/MPSMatrix.framework/Versions/A/MPSMatrix
0x0000000003761000 	/System/Library/PrivateFrameworks/MetalTools.framework/Versions/A/MetalTools
0x0000000003761000 	/System/Library/Frameworks/OpenGL.framework/Versions/A/Libraries/libGLU.dylib
0x0000000003761000 	/System/Library/Frameworks/OpenGL.framework/Versions/A/Libraries/libGFXShared.dylib
0x0000000003761000 	/System/Library/Frameworks/OpenGL.framework/Versions/A/Libraries/libGL.dylib
0x0000000003761000 	/System/Library/Frameworks/OpenGL.framework/Versions/A/Libraries/libGLImage.dylib
0x0000000003761000 	/System/Library/Frameworks/OpenGL.framework/Versions/A/Libraries/libCVMSPluginSupport.dylib
0x0000000003761000 	/System/Library/Frameworks/OpenGL.framework/Versions/A/Libraries/libCoreVMClient.dylib
0x0000000003761000 	/usr/lib/libcups.2.dylib
0x0000000003761000 	/System/Library/Frameworks/Kerberos.framework/Versions/A/Kerberos
0x0000000003761000 	/System/Library/Frameworks/GSS.framework/Versions/A/GSS
0x0000000003761000 	/usr/lib/libresolv.9.dylib
0x0000000003761000 	/usr/lib/libiconv.2.dylib
0x0000000003761000 	/System/Library/PrivateFrameworks/Heimdal.framework/Versions/A/Heimdal
0x0000000003761000 	/usr/lib/libheimdal-asn1.dylib
0x0000000003761000 	/System/Library/Frameworks/OpenDirectory.framework/Versions/A/OpenDirectory
0x0000000003761000 	/System/Library/PrivateFrameworks/CommonAuth.framework/Versions/A/CommonAuth
0x0000000003761000 	/System/Library/Frameworks/OpenDirectory.framework/Versions/A/Frameworks/CFOpenDirectory.framework/Versions/A/CFOpenDirectory
0x0000000003761000 	/System/Library/Frameworks/SecurityFoundation.framework/Versions/A/SecurityFoundation
0x0000000003761000 	/System/Library/PrivateFrameworks/APFS.framework/Versions/A/APFS
0x0000000003761000 	/usr/lib/libutil.dylib
0x0000000003761000 	/System/Library/PrivateFrameworks/AppleSauce.framework/Versions/A/AppleSauce
0x0000000003761000 	/System/Library/PrivateFrameworks/LinguisticData.framework/Versions/A/LinguisticData
0x0000000003761000 	/usr/lib/libmarisa.dylib
0x0000000003761000 	/System/Library/PrivateFrameworks/Lexicon.framework/Versions/A/Lexicon
0x0000000003761000 	/usr/lib/libChineseTokenizer.dylib
0x0000000003761000 	/usr/lib/libcmph.dylib
0x0000000003761000 	/System/Library/PrivateFrameworks/LanguageModeling.framework/Versions/A/LanguageModeling
0x0000000003761000 	/System/Library/PrivateFrameworks/CoreEmoji.framework/Versions/A/CoreEmoji
0x0000000003761000 	/System/Library/Frameworks/ServiceManagement.framework/Versions/A/ServiceManagement
0x0000000003761000 	/System/Library/PrivateFrameworks/BackgroundTaskManagement.framework/Versions/A/BackgroundTaskManagement
0x0000000003761000 	/usr/lib/libxslt.1.dylib
0x0000000003761000 	/System/Library/Frameworks/Carbon.framework/Versions/A/Frameworks/Ink.framework/Versions/A/Ink
0x0000000003761000 	/System/Library/PrivateFrameworks/TextureIO.framework/Versions/A/TextureIO
0x0000000003761000 	/usr/lib/libate.dylib
0x0000000003761000 	/System/Library/PrivateFrameworks/CrashReporterSupport.framework/Versions/A/CrashReporterSupport
0x0000000003761000 	/System/Library/PrivateFrameworks/Sharing.framework/Versions/A/Sharing
0x0000000003761000 	/System/Library/PrivateFrameworks/IconServices.framework/Versions/A/IconServices
0x0000000003761000 	/System/Library/PrivateFrameworks/AuthKit.framework/Versions/A/AuthKit
0x0000000003761000 	/System/Library/PrivateFrameworks/Apple80211.framework/Versions/A/Apple80211
0x0000000003761000 	/System/Library/PrivateFrameworks/CoreUtils.framework/Versions/A/CoreUtils
0x0000000003761000 	/System/Library/Frameworks/CoreWLAN.framework/Versions/A/CoreWLAN
0x0000000003761000 	/System/Library/Frameworks/IOBluetooth.framework/Versions/A/IOBluetooth
0x0000000003761000 	/System/Library/PrivateFrameworks/ProtocolBuffer.framework/Versions/A/ProtocolBuffer
0x0000000003761000 	/System/Library/PrivateFrameworks/MobileKeyBag.framework/Versions/A/MobileKeyBag
0x0000000003761000 	/System/Library/PrivateFrameworks/CorePhoneNumbers.framework/Versions/A/CorePhoneNumbers
0x0000000003761000 	/System/Library/PrivateFrameworks/AppleIDAuthSupport.framework/Versions/A/AppleIDAuthSupport
0x0000000003761000 	/System/Library/PrivateFrameworks/KeychainCircle.framework/Versions/A/KeychainCircle
0x0000000003761000 	/System/Library/PrivateFrameworks/CoreWiFi.framework/Versions/A/CoreWiFi
0x0000000003761000 	/System/Library/Frameworks/CoreBluetooth.framework/Versions/A/CoreBluetooth
0x0000000003761000 	/System/Library/PrivateFrameworks/DebugSymbols.framework/Versions/A/DebugSymbols
0x0000000003761000 	/System/Library/PrivateFrameworks/CoreSymbolication.framework/Versions/A/CoreSymbolication
0x0000000003761000 	/System/Library/PrivateFrameworks/Symbolication.framework/Versions/A/Symbolication
0x0000000003761000 	/System/Library/PrivateFrameworks/AppleFSCompression.framework/Versions/A/AppleFSCompression
0x0000000003761000 	/System/Library/PrivateFrameworks/SpeechRecognitionCore.framework/Versions/A/SpeechRecognitionCore
0x0000000106e00000 	/Applications/Android Studio.app/Contents/jre/jdk/Contents/Home/jre/lib/server/libjvm.dylib
0x0000000003761000 	/usr/lib/libstdc++.6.0.9.dylib
0x0000000106555000 	/Applications/Android Studio.app/Contents/jre/jdk/Contents/Home/jre/lib/libverify.dylib
0x0000000106561000 	/Applications/Android Studio.app/Contents/jre/jdk/Contents/Home/jre/lib/libjava.dylib
0x00000001065df000 	/Applications/Android Studio.app/Contents/jre/jdk/Contents/Home/jre/lib/libzip.dylib
0x000000010d5d0000 	/Applications/Android Studio.app/Contents/jre/jdk/Contents/Home/jre/lib/libnet.dylib
0x000000010d631000 	/Applications/Android Studio.app/Contents/jre/jdk/Contents/Home/jre/lib/libnio.dylib
0x000000010d641000 	/Users/user/.gradle/native/25/osx-amd64/libnative-platform.dylib
0x000000010da4a000 	/Applications/Android Studio.app/Contents/jre/jdk/Contents/Home/jre/lib/libmanagement.dylib
0x000000010df54000 	/Applications/Android Studio.app/Contents/jre/jdk/Contents/Home/jre/lib/libawt.dylib
0x000000010e422000 	/Applications/Android Studio.app/Contents/jre/jdk/Contents/Home/jre/lib/./libmlib_image.dylib
0x0000000003761000 	/System/Library/Frameworks/JavaVM.framework/Versions/A/Frameworks/JavaNativeFoundation.framework/Versions/A/JavaNativeFoundation
0x0000000003761000 	/System/Library/Frameworks/JavaVM.framework/Versions/A/Frameworks/JavaRuntimeSupport.framework/Versions/A/JavaRuntimeSupport
0x0000000003761000 	/System/Library/Frameworks/JavaVM.framework/Versions/A/JavaVM
0x0000000003761000 	/System/Library/PrivateFrameworks/JavaLaunching.framework/Versions/A/JavaLaunching
0x0000000003761000 	/System/Library/Frameworks/Carbon.framework/Versions/A/Carbon
0x0000000003761000 	/System/Library/Frameworks/Carbon.framework/Versions/A/Frameworks/CommonPanels.framework/Versions/A/CommonPanels
0x0000000003761000 	/System/Library/Frameworks/Carbon.framework/Versions/A/Frameworks/Help.framework/Versions/A/Help
0x0000000003761000 	/System/Library/Frameworks/Carbon.framework/Versions/A/Frameworks/ImageCapture.framework/Versions/A/ImageCapture
0x0000000003761000 	/System/Library/Frameworks/Carbon.framework/Versions/A/Frameworks/OpenScripting.framework/Versions/A/OpenScripting
0x0000000003761000 	/System/Library/Frameworks/Carbon.framework/Versions/A/Frameworks/Print.framework/Versions/A/Print
0x0000000003761000 	/System/Library/Frameworks/Carbon.framework/Versions/A/Frameworks/SecurityHI.framework/Versions/A/SecurityHI
0x000000010f9ac000 	/Applications/Android Studio.app/Contents/jre/jdk/Contents/Home/jre/lib/libawt_lwawt.dylib
0x000000010d723000 	/Applications/Android Studio.app/Contents/jre/jdk/Contents/Home/jre/lib/./libosxapp.dylib
0x0000000003761000 	/System/Library/Frameworks/ExceptionHandling.framework/Versions/A/ExceptionHandling
0x000000010d745000 	/Applications/Android Studio.app/Contents/jre/jdk/Contents/Home/jre/lib/libsunec.dylib

VM Arguments:
jvm_args: -Xmx1536m -Dfile.encoding=UTF-8 -Duser.country=BR -Duser.language=pt -Duser.variant 
java_command: org.gradle.launcher.daemon.bootstrap.GradleDaemon 4.4
java_class_path (initial): /Users/user/.gradle/wrapper/dists/gradle-4.4-all/9br9xq1tocpiv8o6njlyu5op1/gradle-4.4/lib/gradle-launcher-4.4.jar
Launcher Type: SUN_STANDARD

Environment Variables:
PATH=/usr/local/bin:/usr/bin:/bin:/usr/sbin:/sbin
SHELL=/bin/bash

Signal Handlers:
SIGSEGV: [libjvm.dylib+0x53f567], sa_mask[0]=11111111011111110111111111111111, sa_flags=SA_ONSTACK|SA_RESTART|SA_SIGINFO
SIGBUS: [libjvm.dylib+0x53f567], sa_mask[0]=11111111011111110111111111111111, sa_flags=SA_RESTART|SA_SIGINFO
SIGFPE: [libjvm.dylib+0x437adf], sa_mask[0]=11111111011111110111111111111111, sa_flags=SA_RESTART|SA_SIGINFO
SIGPIPE: [libjvm.dylib+0x437adf], sa_mask[0]=11111111011111110111111111111111, sa_flags=SA_RESTART|SA_SIGINFO
SIGXFSZ: [libjvm.dylib+0x437adf], sa_mask[0]=11111111011111110111111111111111, sa_flags=SA_RESTART|SA_SIGINFO
SIGILL: [libjvm.dylib+0x437adf], sa_mask[0]=11111111011111110111111111111111, sa_flags=SA_RESTART|SA_SIGINFO
SIGUSR1: SIG_DFL, sa_mask[0]=00000000000000000000000000000000, sa_flags=none
SIGUSR2: [libjvm.dylib+0x438404], sa_mask[0]=00100000000000000000000000000000, sa_flags=SA_RESTART|SA_SIGINFO
SIGHUP: [libjvm.dylib+0x4365f9], sa_mask[0]=11111111011111110111111111111111, sa_flags=SA_RESTART|SA_SIGINFO
SIGINT: [libjvm.dylib+0x4365f9], sa_mask[0]=11111111011111110111111111111111, sa_flags=SA_RESTART|SA_SIGINFO
SIGTERM: [libjvm.dylib+0x4365f9], sa_mask[0]=11111111011111110111111111111111, sa_flags=SA_RESTART|SA_SIGINFO
SIGQUIT: [libjvm.dylib+0x4365f9], sa_mask[0]=11111111011111110111111111111111, sa_flags=SA_RESTART|SA_SIGINFO


---------------  S Y S T E M  ---------------

OS:Bsduname:Darwin 17.7.0 Darwin Kernel Version 17.7.0: Thu Jun 21 22:53:14 PDT 2018; root:xnu-4570.71.2~1/RELEASE_X86_64 x86_64
rlimit: STACK 8192k, CORE 0k, NPROC 709, NOFILE 10240, AS infinity
load average:29.56 26.65 14.68

CPU:total 4 (initial active 4) (2 cores per cpu, 2 threads per core) family 6 model 37 stepping 5, cmov, cx8, fxsr, mmx, sse, sse2, sse3, ssse3, sse4.1, sse4.2, popcnt, aes, clmul, ht, tsc, tscinvbit

Memory: 4k page, physical 8388608k(73952k free)

/proc/meminfo:


vm_info: OpenJDK 64-Bit Server VM (25.152-b01) for bsd-amd64 JRE (1.8.0_152-release-1024-b01), built by "builder" with gcc 4.2.1 Compatible Apple LLVM 8.1.0 (clang-802.0.42)

time: Wed Aug  8 16:44:53 2018
elapsed time: 24291 seconds (0d 6h 44m 51s)

